TN:
SF:app\appComponents\AppointmentForm.tsx
FN:16,Object.<anonymous>.zod_2.z.object.phone.zod_2.z.string.min.refine.message
FN:19,Object.<anonymous>.zod_2.z.object.preferredDate.zod_2.z.string.min.refine.message
FN:26,ErrorFallback
FN:35,AppointmentForm
FN:44,onSubmit
FN:87,children
FNF:6
FNH:4
FNDA:5,Object.<anonymous>.zod_2.z.object.phone.zod_2.z.string.min.refine.message
FNDA:5,Object.<anonymous>.zod_2.z.object.preferredDate.zod_2.z.string.min.refine.message
FNDA:0,ErrorFallback
FNDA:16,AppointmentForm
FNDA:0,onSubmit
FNDA:15,children
DA:1,1
DA:2,1
DA:3,1
DA:4,1
DA:5,1
DA:6,1
DA:7,1
DA:8,1
DA:9,1
DA:10,1
DA:11,1
DA:12,1
DA:13,1
DA:14,1
DA:15,1
DA:16,1
DA:17,1
DA:18,1
DA:19,1
DA:20,1
DA:21,1
DA:22,1
DA:23,1
DA:24,1
DA:25,1
DA:26,0
DA:27,0
DA:28,0
DA:29,0
DA:30,0
DA:31,0
DA:32,0
DA:33,0
DA:34,1
DA:35,16
DA:36,16
DA:37,16
DA:38,16
DA:39,16
DA:40,16
DA:41,16
DA:42,16
DA:43,16
DA:44,16
DA:45,0
DA:46,0
DA:47,16
DA:48,16
DA:49,16
DA:50,16
DA:51,16
DA:52,16
DA:53,16
DA:54,16
DA:55,16
DA:56,16
DA:57,16
DA:58,16
DA:59,16
DA:60,16
DA:61,16
DA:62,16
DA:63,16
DA:64,16
DA:65,16
DA:66,16
DA:67,16
DA:68,16
DA:69,16
DA:70,16
DA:71,16
DA:72,16
DA:73,16
DA:74,16
DA:75,16
DA:76,16
DA:77,16
DA:78,16
DA:79,16
DA:80,16
DA:81,16
DA:82,16
DA:83,16
DA:84,16
DA:85,16
DA:86,16
DA:87,16
DA:88,15
DA:89,15
DA:90,15
DA:91,15
DA:92,15
DA:93,15
DA:94,16
DA:95,16
DA:96,16
DA:97,16
DA:98,16
DA:99,16
DA:100,16
DA:101,16
DA:102,16
DA:103,16
DA:104,16
DA:105,16
DA:106,16
DA:107,16
DA:108,16
DA:109,16
DA:110,16
DA:111,16
DA:112,16
DA:113,16
DA:114,16
DA:115,16
DA:116,16
DA:117,16
DA:118,16
DA:119,16
DA:120,16
DA:121,16
DA:122,16
DA:123,16
DA:124,16
DA:125,16
DA:126,16
DA:127,16
DA:128,16
DA:129,16
DA:130,16
DA:131,16
DA:132,16
DA:133,16
DA:134,16
DA:135,16
DA:136,16
DA:137,16
DA:138,16
DA:139,16
DA:140,16
DA:141,16
DA:142,16
DA:143,16
DA:144,16
DA:145,16
LF:145
LH:135
BRDA:16,0,0,5
BRDA:19,1,0,5
BRDA:35,2,0,16
BRDA:65,3,0,3
BRDA:77,4,0,3
BRDA:96,5,0,3
BRDA:110,6,0,0
BRDA:122,7,0,4
BRDA:134,8,0,3
BRDA:139,9,0,5
BRDA:139,10,0,10
BRDA:87,11,0,15
BRF:12
BRH:11
end_of_record
TN:
SF:app\components\ui\button.tsx
FNF:0
FNH:0
DA:1,1
DA:2,1
DA:3,1
DA:4,1
DA:5,1
DA:6,1
DA:7,1
DA:8,1
DA:9,1
DA:10,1
DA:11,1
DA:12,1
DA:13,1
DA:14,1
DA:15,1
DA:16,1
DA:17,1
DA:18,1
DA:19,1
DA:20,1
DA:21,1
DA:22,1
DA:23,1
DA:24,1
DA:25,1
DA:26,1
DA:27,1
DA:28,1
DA:29,1
DA:30,1
DA:31,1
DA:32,1
DA:33,1
DA:34,1
DA:35,1
DA:36,1
DA:37,1
DA:38,1
DA:39,1
DA:40,1
DA:41,1
DA:42,1
DA:43,15
DA:44,15
DA:45,15
DA:46,15
DA:47,15
DA:48,15
DA:49,15
DA:50,15
DA:51,15
DA:52,1
DA:53,1
DA:54,1
DA:55,1
LF:55
LH:55
BRDA:42,0,0,15
BRDA:43,1,0,0
BRF:2
BRH:1
end_of_record
TN:
SF:app\components\ui\input.tsx
FNF:0
FNH:0
DA:1,1
DA:2,1
DA:3,1
DA:4,1
DA:5,1
DA:6,1
DA:7,1
DA:8,1
DA:9,60
DA:10,60
DA:11,60
DA:12,60
DA:13,60
DA:14,60
DA:15,60
DA:16,60
DA:17,60
DA:18,60
DA:19,60
DA:20,60
DA:21,1
DA:22,1
DA:23,1
DA:24,1
DA:25,1
LF:25
LH:25
BRDA:8,0,0,60
BRF:1
BRH:1
end_of_record
TN:
SF:app\components\ui\label.tsx
FNF:0
FNH:0
DA:1,1
DA:2,1
DA:3,1
DA:4,1
DA:5,1
DA:6,1
DA:7,1
DA:8,1
DA:9,1
DA:10,1
DA:11,1
DA:12,1
DA:13,1
DA:14,1
DA:15,1
DA:16,1
DA:17,1
DA:18,90
DA:19,90
DA:20,90
DA:21,90
DA:22,90
DA:23,1
DA:24,1
DA:25,1
DA:26,1
LF:26
LH:26
BRDA:17,0,0,90
BRF:1
BRH:1
end_of_record
TN:
SF:app\components\ui\textarea.tsx
FNF:0
FNH:0
DA:1,1
DA:2,1
DA:3,1
DA:4,1
DA:5,1
DA:6,1
DA:7,1
DA:8,1
DA:9,1
DA:10,15
DA:11,15
DA:12,15
DA:13,15
DA:14,15
DA:15,15
DA:16,15
DA:17,15
DA:18,15
DA:19,15
DA:20,15
DA:21,1
DA:22,1
DA:23,1
DA:24,1
LF:24
LH:24
BRDA:9,0,0,15
BRF:1
BRH:1
end_of_record
TN:
SF:app\lib\utils.ts
FN:2,cn
FNF:1
FNH:1
FNDA:180,cn
DA:1,1
DA:2,180
DA:3,180
DA:4,180
LF:4
LH:4
BRDA:2,0,0,180
BRF:1
BRH:1
end_of_record
